2025-06-27 09:46:59,795 : whateels.helpers.parsers.dm34 :     INFO : process_file_header : DM version = 4 - File size (Bytes) = 9007137 - little endian
2025-06-27 09:46:59,800 : whateels.helpers.parsers.dm34 :     WARNING : read_string : Failed reading with an encoding utf8
2025-06-27 09:46:59,800 : whateels.helpers.parsers.dm34 :     WARNING : read_string : Failed reading with an encoding utf8
2025-06-27 09:47:00,729 : whateels.helpers.parsers.dm34 :     WARNING : collection_angle : Expected a value for the convergence angle. No such value in the parsed dictionary found
2025-06-27 09:47:00,729 : whateels.helpers.parsers.dm34 :     WARNING : collection_angle : 'EELS'
2025-06-27 09:47:00,730 : whateels.helpers.parsers.dm34 :     INFO : collection_angle : Added Route to the dictionary -> [ImageTags][EELS][Experimental Conditions]
2025-06-27 09:47:00,730 : whateels.helpers.parsers.dm34 :     INFO : collection_angle : Collection angle beta value updated to 0 mrad
2025-06-27 09:47:00,731 : whateels.helpers.parsers.dm34 :     WARNING : convergence_angle : Expected a value for the convergence angle. No such value in the parsed dictionary found
2025-06-27 09:47:00,731 : whateels.helpers.parsers.dm34 :     WARNING : convergence_angle : 'Convergence semi-angle (mrad)'
2025-06-27 09:47:00,731 : whateels.helpers.parsers.dm34 :     INFO : convergence_angle : Added Route to the dictionary -> [ImageTags][EELS][Experimental Conditions]
2025-06-27 09:47:00,731 : whateels.helpers.parsers.dm34 :     INFO : convergence_angle : Convergence angle alpha value updated to 0 mrad
2025-06-27 09:54:57,167 : whateels.helpers.parsers.dm34 :     INFO : process_file_header : DM version = 4 - File size (Bytes) = 9007137 - little endian
2025-06-27 09:54:57,170 : whateels.helpers.parsers.dm34 :     WARNING : read_string : Failed reading with an encoding utf8
2025-06-27 09:54:57,170 : whateels.helpers.parsers.dm34 :     WARNING : read_string : Failed reading with an encoding utf8
2025-06-27 09:57:12,243 : whateels.helpers.parsers.dm34 :     ERROR : check_extension_in_fname : The file-name given does not have a valid extension - C:\Users\andry\Documents\GitHub\MyWhatEELS\STEM (1).dmw.                The extension should be one of the following : ('.dm3$', '.dm4$').
2025-06-27 09:57:19,694 : whateels.helpers.parsers.dm34 :     INFO : process_file_header : DM version = 4 - File size (Bytes) = 9007137 - little endian
2025-06-27 09:57:19,699 : whateels.helpers.parsers.dm34 :     WARNING : read_string : Failed reading with an encoding utf8
2025-06-27 09:57:19,700 : whateels.helpers.parsers.dm34 :     WARNING : read_string : Failed reading with an encoding utf8
2025-06-27 09:57:20,066 : whateels.helpers.parsers.dm34 :     WARNING : collection_angle : Expected a value for the convergence angle. No such value in the parsed dictionary found
2025-06-27 09:57:20,066 : whateels.helpers.parsers.dm34 :     WARNING : collection_angle : 'EELS'
2025-06-27 09:57:20,066 : whateels.helpers.parsers.dm34 :     INFO : collection_angle : Added Route to the dictionary -> [ImageTags][EELS][Experimental Conditions]
2025-06-27 09:57:20,067 : whateels.helpers.parsers.dm34 :     INFO : collection_angle : Collection angle beta value updated to 0 mrad
2025-06-27 09:57:20,067 : whateels.helpers.parsers.dm34 :     WARNING : convergence_angle : Expected a value for the convergence angle. No such value in the parsed dictionary found
2025-06-27 09:57:20,068 : whateels.helpers.parsers.dm34 :     WARNING : convergence_angle : 'Convergence semi-angle (mrad)'
2025-06-27 09:57:20,068 : whateels.helpers.parsers.dm34 :     INFO : convergence_angle : Added Route to the dictionary -> [ImageTags][EELS][Experimental Conditions]
2025-06-27 09:57:20,068 : whateels.helpers.parsers.dm34 :     INFO : convergence_angle : Convergence angle alpha value updated to 0 mrad
2025-06-27 09:58:13,150 : whateels.helpers.parsers.dm34 :     INFO : process_file_header : DM version = 4 - File size (Bytes) = 9007137 - little endian
2025-06-27 09:58:13,153 : whateels.helpers.parsers.dm34 :     WARNING : read_string : Failed reading with an encoding utf8
2025-06-27 09:58:13,154 : whateels.helpers.parsers.dm34 :     WARNING : read_string : Failed reading with an encoding utf8
2025-06-27 10:10:01,247 : whateels.helpers.parsers.dm34 :     INFO : process_file_header : DM version = 4 - File size (Bytes) = 9007137 - little endian
2025-06-27 10:10:01,251 : whateels.helpers.parsers.dm34 :     WARNING : read_string : Failed reading with an encoding utf8
2025-06-27 10:10:01,251 : whateels.helpers.parsers.dm34 :     WARNING : read_string : Failed reading with an encoding utf8
2025-06-27 10:10:59,785 : whateels.helpers.parsers.dm34 :     INFO : process_file_header : DM version = 4 - File size (Bytes) = 9007137 - little endian
2025-06-27 10:10:59,789 : whateels.helpers.parsers.dm34 :     WARNING : read_string : Failed reading with an encoding utf8
2025-06-27 10:10:59,789 : whateels.helpers.parsers.dm34 :     WARNING : read_string : Failed reading with an encoding utf8
2025-06-27 10:12:46,396 : whateels.helpers.parsers.dm34 :     INFO : process_file_header : DM version = 4 - File size (Bytes) = 9007137 - little endian
2025-06-27 10:12:46,400 : whateels.helpers.parsers.dm34 :     WARNING : read_string : Failed reading with an encoding utf8
2025-06-27 10:12:46,400 : whateels.helpers.parsers.dm34 :     WARNING : read_string : Failed reading with an encoding utf8
2025-06-27 10:13:16,825 : whateels.helpers.parsers.dm34 :     INFO : process_file_header : DM version = 4 - File size (Bytes) = 9007137 - little endian
2025-06-27 10:13:16,831 : whateels.helpers.parsers.dm34 :     WARNING : read_string : Failed reading with an encoding utf8
2025-06-27 10:13:16,831 : whateels.helpers.parsers.dm34 :     WARNING : read_string : Failed reading with an encoding utf8
2025-06-27 10:13:17,252 : whateels.helpers.parsers.dm34 :     WARNING : collection_angle : Expected a value for the convergence angle. No such value in the parsed dictionary found
2025-06-27 10:13:17,253 : whateels.helpers.parsers.dm34 :     WARNING : collection_angle : 'EELS'
2025-06-27 10:13:17,253 : whateels.helpers.parsers.dm34 :     INFO : collection_angle : Added Route to the dictionary -> [ImageTags][EELS][Experimental Conditions]
2025-06-27 10:13:17,253 : whateels.helpers.parsers.dm34 :     INFO : collection_angle : Collection angle beta value updated to 0 mrad
2025-06-27 10:13:17,254 : whateels.helpers.parsers.dm34 :     WARNING : convergence_angle : Expected a value for the convergence angle. No such value in the parsed dictionary found
2025-06-27 10:13:17,254 : whateels.helpers.parsers.dm34 :     WARNING : convergence_angle : 'Convergence semi-angle (mrad)'
2025-06-27 10:13:17,254 : whateels.helpers.parsers.dm34 :     INFO : convergence_angle : Added Route to the dictionary -> [ImageTags][EELS][Experimental Conditions]
2025-06-27 10:13:17,255 : whateels.helpers.parsers.dm34 :     INFO : convergence_angle : Convergence angle alpha value updated to 0 mrad
2025-06-27 10:14:33,474 : whateels.helpers.parsers.dm34 :     INFO : process_file_header : DM version = 4 - File size (Bytes) = 9006121 - little endian
2025-06-27 10:14:33,479 : whateels.helpers.parsers.dm34 :     WARNING : read_string : Failed reading with an encoding utf8
2025-06-27 10:14:33,480 : whateels.helpers.parsers.dm34 :     WARNING : read_string : Failed reading with an encoding utf8
2025-06-27 10:14:33,850 : whateels.helpers.parsers.dm34 :     WARNING : collection_angle : Expected a value for the convergence angle. No such value in the parsed dictionary found
2025-06-27 10:14:33,850 : whateels.helpers.parsers.dm34 :     WARNING : collection_angle : 'EELS'
2025-06-27 10:14:33,850 : whateels.helpers.parsers.dm34 :     INFO : collection_angle : Added Route to the dictionary -> [ImageTags][EELS][Experimental Conditions]
2025-06-27 10:14:33,851 : whateels.helpers.parsers.dm34 :     INFO : collection_angle : Collection angle beta value updated to 0 mrad
2025-06-27 10:14:33,851 : whateels.helpers.parsers.dm34 :     WARNING : convergence_angle : Expected a value for the convergence angle. No such value in the parsed dictionary found
2025-06-27 10:14:33,851 : whateels.helpers.parsers.dm34 :     WARNING : convergence_angle : 'Convergence semi-angle (mrad)'
2025-06-27 10:14:33,851 : whateels.helpers.parsers.dm34 :     INFO : convergence_angle : Added Route to the dictionary -> [ImageTags][EELS][Experimental Conditions]
2025-06-27 10:14:33,851 : whateels.helpers.parsers.dm34 :     INFO : convergence_angle : Convergence angle alpha value updated to 0 mrad
2025-06-27 10:17:36,058 : whateels.helpers.parsers.dm34 :     INFO : process_file_header : DM version = 4 - File size (Bytes) = 9007137 - little endian
2025-06-27 10:17:36,062 : whateels.helpers.parsers.dm34 :     WARNING : read_string : Failed reading with an encoding utf8
2025-06-27 10:17:36,062 : whateels.helpers.parsers.dm34 :     WARNING : read_string : Failed reading with an encoding utf8
2025-06-27 10:17:36,443 : whateels.helpers.parsers.dm34 :     WARNING : collection_angle : Expected a value for the convergence angle. No such value in the parsed dictionary found
2025-06-27 10:17:36,444 : whateels.helpers.parsers.dm34 :     WARNING : collection_angle : 'EELS'
2025-06-27 10:17:36,444 : whateels.helpers.parsers.dm34 :     INFO : collection_angle : Added Route to the dictionary -> [ImageTags][EELS][Experimental Conditions]
2025-06-27 10:17:36,445 : whateels.helpers.parsers.dm34 :     INFO : collection_angle : Collection angle beta value updated to 0 mrad
2025-06-27 10:17:36,445 : whateels.helpers.parsers.dm34 :     WARNING : convergence_angle : Expected a value for the convergence angle. No such value in the parsed dictionary found
2025-06-27 10:17:36,445 : whateels.helpers.parsers.dm34 :     WARNING : convergence_angle : 'Convergence semi-angle (mrad)'
2025-06-27 10:17:36,446 : whateels.helpers.parsers.dm34 :     INFO : convergence_angle : Added Route to the dictionary -> [ImageTags][EELS][Experimental Conditions]
2025-06-27 10:17:36,446 : whateels.helpers.parsers.dm34 :     INFO : convergence_angle : Convergence angle alpha value updated to 0 mrad
2025-06-27 10:18:08,655 : whateels.helpers.parsers.dm34 :     INFO : process_file_header : DM version = 4 - File size (Bytes) = 9007137 - little endian
2025-06-27 10:18:08,658 : whateels.helpers.parsers.dm34 :     WARNING : read_string : Failed reading with an encoding utf8
2025-06-27 10:18:08,658 : whateels.helpers.parsers.dm34 :     WARNING : read_string : Failed reading with an encoding utf8
2025-06-27 10:20:01,593 : whateels.helpers.parsers.dm34 :     INFO : process_file_header : DM version = 4 - File size (Bytes) = 9007137 - little endian
2025-06-27 10:20:01,599 : whateels.helpers.parsers.dm34 :     WARNING : read_string : Failed reading with an encoding utf8
2025-06-27 10:20:01,599 : whateels.helpers.parsers.dm34 :     WARNING : read_string : Failed reading with an encoding utf8
2025-06-27 10:20:01,984 : whateels.helpers.parsers.dm34 :     WARNING : collection_angle : Expected a value for the convergence angle. No such value in the parsed dictionary found
2025-06-27 10:20:01,984 : whateels.helpers.parsers.dm34 :     WARNING : collection_angle : 'EELS'
2025-06-27 10:20:01,984 : whateels.helpers.parsers.dm34 :     INFO : collection_angle : Added Route to the dictionary -> [ImageTags][EELS][Experimental Conditions]
2025-06-27 10:20:01,984 : whateels.helpers.parsers.dm34 :     INFO : collection_angle : Collection angle beta value updated to 0 mrad
2025-06-27 10:20:01,985 : whateels.helpers.parsers.dm34 :     WARNING : convergence_angle : Expected a value for the convergence angle. No such value in the parsed dictionary found
2025-06-27 10:20:01,985 : whateels.helpers.parsers.dm34 :     WARNING : convergence_angle : 'Convergence semi-angle (mrad)'
2025-06-27 10:20:01,985 : whateels.helpers.parsers.dm34 :     INFO : convergence_angle : Added Route to the dictionary -> [ImageTags][EELS][Experimental Conditions]
2025-06-27 10:20:01,985 : whateels.helpers.parsers.dm34 :     INFO : convergence_angle : Convergence angle alpha value updated to 0 mrad
2025-06-27 10:21:44,221 : whateels.helpers.parsers.dm34 :     INFO : process_file_header : DM version = 4 - File size (Bytes) = 9007137 - little endian
2025-06-27 10:21:44,225 : whateels.helpers.parsers.dm34 :     WARNING : read_string : Failed reading with an encoding utf8
2025-06-27 10:21:44,225 : whateels.helpers.parsers.dm34 :     WARNING : read_string : Failed reading with an encoding utf8
2025-06-27 10:21:44,607 : whateels.helpers.parsers.dm34 :     WARNING : collection_angle : Expected a value for the convergence angle. No such value in the parsed dictionary found
2025-06-27 10:21:44,608 : whateels.helpers.parsers.dm34 :     WARNING : collection_angle : 'EELS'
2025-06-27 10:21:44,608 : whateels.helpers.parsers.dm34 :     INFO : collection_angle : Added Route to the dictionary -> [ImageTags][EELS][Experimental Conditions]
2025-06-27 10:21:44,608 : whateels.helpers.parsers.dm34 :     INFO : collection_angle : Collection angle beta value updated to 0 mrad
2025-06-27 10:21:44,608 : whateels.helpers.parsers.dm34 :     WARNING : convergence_angle : Expected a value for the convergence angle. No such value in the parsed dictionary found
2025-06-27 10:21:44,609 : whateels.helpers.parsers.dm34 :     WARNING : convergence_angle : 'Convergence semi-angle (mrad)'
2025-06-27 10:21:44,609 : whateels.helpers.parsers.dm34 :     INFO : convergence_angle : Added Route to the dictionary -> [ImageTags][EELS][Experimental Conditions]
2025-06-27 10:21:44,609 : whateels.helpers.parsers.dm34 :     INFO : convergence_angle : Convergence angle alpha value updated to 0 mrad
2025-06-27 10:26:47,225 : whateels.helpers.parsers.dm34 :     INFO : process_file_header : DM version = 4 - File size (Bytes) = 9007137 - little endian
2025-06-27 10:26:47,228 : whateels.helpers.parsers.dm34 :     WARNING : read_string : Failed reading with an encoding utf8
2025-06-27 10:26:47,228 : whateels.helpers.parsers.dm34 :     WARNING : read_string : Failed reading with an encoding utf8
2025-06-27 10:26:47,600 : whateels.helpers.parsers.dm34 :     WARNING : collection_angle : Expected a value for the convergence angle. No such value in the parsed dictionary found
2025-06-27 10:26:47,600 : whateels.helpers.parsers.dm34 :     WARNING : collection_angle : 'EELS'
2025-06-27 10:26:47,600 : whateels.helpers.parsers.dm34 :     INFO : collection_angle : Added Route to the dictionary -> [ImageTags][EELS][Experimental Conditions]
2025-06-27 10:26:47,601 : whateels.helpers.parsers.dm34 :     INFO : collection_angle : Collection angle beta value updated to 0 mrad
2025-06-27 10:26:47,601 : whateels.helpers.parsers.dm34 :     WARNING : convergence_angle : Expected a value for the convergence angle. No such value in the parsed dictionary found
2025-06-27 10:26:47,601 : whateels.helpers.parsers.dm34 :     WARNING : convergence_angle : 'Convergence semi-angle (mrad)'
2025-06-27 10:26:47,601 : whateels.helpers.parsers.dm34 :     INFO : convergence_angle : Added Route to the dictionary -> [ImageTags][EELS][Experimental Conditions]
2025-06-27 10:26:47,601 : whateels.helpers.parsers.dm34 :     INFO : convergence_angle : Convergence angle alpha value updated to 0 mrad
2025-06-27 10:27:26,819 : whateels.helpers.parsers.dm34 :     INFO : process_file_header : DM version = 4 - File size (Bytes) = 9007137 - little endian
2025-06-27 10:27:26,823 : whateels.helpers.parsers.dm34 :     WARNING : read_string : Failed reading with an encoding utf8
2025-06-27 10:27:26,824 : whateels.helpers.parsers.dm34 :     WARNING : read_string : Failed reading with an encoding utf8
2025-06-27 10:27:26,832 : whateels.helpers.parsers.dm34 :     WARNING : collection_angle : Expected a value for the convergence angle. No such value in the parsed dictionary found
2025-06-27 10:27:26,832 : whateels.helpers.parsers.dm34 :     WARNING : collection_angle : 'EELS'
2025-06-27 10:27:26,833 : whateels.helpers.parsers.dm34 :     INFO : collection_angle : Added Route to the dictionary -> [ImageTags][EELS][Experimental Conditions]
2025-06-27 10:27:26,833 : whateels.helpers.parsers.dm34 :     INFO : collection_angle : Collection angle beta value updated to 0 mrad
2025-06-27 10:27:26,834 : whateels.helpers.parsers.dm34 :     WARNING : convergence_angle : Expected a value for the convergence angle. No such value in the parsed dictionary found
2025-06-27 10:27:26,834 : whateels.helpers.parsers.dm34 :     WARNING : convergence_angle : 'Convergence semi-angle (mrad)'
2025-06-27 10:27:26,835 : whateels.helpers.parsers.dm34 :     INFO : convergence_angle : Added Route to the dictionary -> [ImageTags][EELS][Experimental Conditions]
2025-06-27 10:27:26,835 : whateels.helpers.parsers.dm34 :     INFO : convergence_angle : Convergence angle alpha value updated to 0 mrad
2025-06-27 12:52:50,287 : whateels.helpers.parsers.dm34 :     INFO : process_file_header : DM version = 4 - File size (Bytes) = 9007137 - little endian
2025-06-27 12:52:50,291 : whateels.helpers.parsers.dm34 :     WARNING : read_string : Failed reading with an encoding utf8
2025-06-27 12:52:50,291 : whateels.helpers.parsers.dm34 :     WARNING : read_string : Failed reading with an encoding utf8
2025-06-27 12:52:50,666 : whateels.helpers.parsers.dm34 :     WARNING : collection_angle : Expected a value for the convergence angle. No such value in the parsed dictionary found
2025-06-27 12:52:50,667 : whateels.helpers.parsers.dm34 :     WARNING : collection_angle : 'EELS'
2025-06-27 12:52:50,667 : whateels.helpers.parsers.dm34 :     INFO : collection_angle : Added Route to the dictionary -> [ImageTags][EELS][Experimental Conditions]
2025-06-27 12:52:50,667 : whateels.helpers.parsers.dm34 :     INFO : collection_angle : Collection angle beta value updated to 0 mrad
2025-06-27 12:52:50,667 : whateels.helpers.parsers.dm34 :     WARNING : convergence_angle : Expected a value for the convergence angle. No such value in the parsed dictionary found
2025-06-27 12:52:50,668 : whateels.helpers.parsers.dm34 :     WARNING : convergence_angle : 'Convergence semi-angle (mrad)'
2025-06-27 12:52:50,668 : whateels.helpers.parsers.dm34 :     INFO : convergence_angle : Added Route to the dictionary -> [ImageTags][EELS][Experimental Conditions]
2025-06-27 12:52:50,668 : whateels.helpers.parsers.dm34 :     INFO : convergence_angle : Convergence angle alpha value updated to 0 mrad
2025-06-27 12:56:12,175 : whateels.helpers.parsers.dm34 :     INFO : process_file_header : DM version = 4 - File size (Bytes) = 9007137 - little endian
2025-06-27 12:56:12,179 : whateels.helpers.parsers.dm34 :     WARNING : read_string : Failed reading with an encoding utf8
2025-06-27 12:56:12,179 : whateels.helpers.parsers.dm34 :     WARNING : read_string : Failed reading with an encoding utf8
2025-06-27 12:56:12,186 : whateels.helpers.parsers.dm34 :     WARNING : collection_angle : Expected a value for the convergence angle. No such value in the parsed dictionary found
2025-06-27 12:56:12,187 : whateels.helpers.parsers.dm34 :     WARNING : collection_angle : 'EELS'
2025-06-27 12:56:12,187 : whateels.helpers.parsers.dm34 :     INFO : collection_angle : Added Route to the dictionary -> [ImageTags][EELS][Experimental Conditions]
2025-06-27 12:56:12,188 : whateels.helpers.parsers.dm34 :     INFO : collection_angle : Collection angle beta value updated to 0 mrad
2025-06-27 12:56:12,188 : whateels.helpers.parsers.dm34 :     WARNING : convergence_angle : Expected a value for the convergence angle. No such value in the parsed dictionary found
2025-06-27 12:56:12,188 : whateels.helpers.parsers.dm34 :     WARNING : convergence_angle : 'Convergence semi-angle (mrad)'
2025-06-27 12:56:12,189 : whateels.helpers.parsers.dm34 :     INFO : convergence_angle : Added Route to the dictionary -> [ImageTags][EELS][Experimental Conditions]
2025-06-27 12:56:12,189 : whateels.helpers.parsers.dm34 :     INFO : convergence_angle : Convergence angle alpha value updated to 0 mrad
2025-06-30 09:27:49,234 : whateels.helpers.parsers.dm34 :     INFO : process_file_header : DM version = 4 - File size (Bytes) = 9007137 - little endian
2025-06-30 09:27:49,239 : whateels.helpers.parsers.dm34 :     WARNING : read_string : Failed reading with an encoding utf8
2025-06-30 09:27:49,239 : whateels.helpers.parsers.dm34 :     WARNING : read_string : Failed reading with an encoding utf8
2025-06-30 09:27:49,814 : whateels.helpers.parsers.dm34 :     WARNING : collection_angle : Expected a value for the convergence angle. No such value in the parsed dictionary found
2025-06-30 09:27:49,815 : whateels.helpers.parsers.dm34 :     WARNING : collection_angle : 'EELS'
2025-06-30 09:27:49,815 : whateels.helpers.parsers.dm34 :     INFO : collection_angle : Added Route to the dictionary -> [ImageTags][EELS][Experimental Conditions]
2025-06-30 09:27:49,815 : whateels.helpers.parsers.dm34 :     INFO : collection_angle : Collection angle beta value updated to 0 mrad
2025-06-30 09:27:49,815 : whateels.helpers.parsers.dm34 :     WARNING : convergence_angle : Expected a value for the convergence angle. No such value in the parsed dictionary found
2025-06-30 09:27:49,816 : whateels.helpers.parsers.dm34 :     WARNING : convergence_angle : 'Convergence semi-angle (mrad)'
2025-06-30 09:27:49,816 : whateels.helpers.parsers.dm34 :     INFO : convergence_angle : Added Route to the dictionary -> [ImageTags][EELS][Experimental Conditions]
2025-06-30 09:27:49,816 : whateels.helpers.parsers.dm34 :     INFO : convergence_angle : Convergence angle alpha value updated to 0 mrad
2025-06-30 09:34:24,647 : whateels.helpers.parsers.dm34 :     INFO : process_file_header : DM version = 4 - File size (Bytes) = 9007137 - little endian
2025-06-30 09:34:24,651 : whateels.helpers.parsers.dm34 :     WARNING : read_string : Failed reading with an encoding utf8
2025-06-30 09:34:24,652 : whateels.helpers.parsers.dm34 :     WARNING : read_string : Failed reading with an encoding utf8
2025-06-30 09:34:27,060 : whateels.helpers.parsers.dm34 :     WARNING : collection_angle : Expected a value for the convergence angle. No such value in the parsed dictionary found
2025-06-30 09:34:27,060 : whateels.helpers.parsers.dm34 :     WARNING : collection_angle : 'EELS'
2025-06-30 09:34:27,060 : whateels.helpers.parsers.dm34 :     INFO : collection_angle : Added Route to the dictionary -> [ImageTags][EELS][Experimental Conditions]
2025-06-30 09:34:27,060 : whateels.helpers.parsers.dm34 :     INFO : collection_angle : Collection angle beta value updated to 0 mrad
2025-06-30 09:34:27,061 : whateels.helpers.parsers.dm34 :     WARNING : convergence_angle : Expected a value for the convergence angle. No such value in the parsed dictionary found
2025-06-30 09:34:27,061 : whateels.helpers.parsers.dm34 :     WARNING : convergence_angle : 'Convergence semi-angle (mrad)'
2025-06-30 09:34:27,062 : whateels.helpers.parsers.dm34 :     INFO : convergence_angle : Added Route to the dictionary -> [ImageTags][EELS][Experimental Conditions]
2025-06-30 09:34:27,062 : whateels.helpers.parsers.dm34 :     INFO : convergence_angle : Convergence angle alpha value updated to 0 mrad
2025-06-30 09:39:12,503 : whateels.helpers.parsers.dm34 :     INFO : process_file_header : DM version = 4 - File size (Bytes) = 9007137 - little endian
2025-06-30 09:39:12,507 : whateels.helpers.parsers.dm34 :     WARNING : read_string : Failed reading with an encoding utf8
2025-06-30 09:39:12,507 : whateels.helpers.parsers.dm34 :     WARNING : read_string : Failed reading with an encoding utf8
2025-06-30 09:39:13,200 : whateels.helpers.parsers.dm34 :     WARNING : collection_angle : Expected a value for the convergence angle. No such value in the parsed dictionary found
2025-06-30 09:39:13,200 : whateels.helpers.parsers.dm34 :     WARNING : collection_angle : 'EELS'
2025-06-30 09:39:13,201 : whateels.helpers.parsers.dm34 :     INFO : collection_angle : Added Route to the dictionary -> [ImageTags][EELS][Experimental Conditions]
2025-06-30 09:39:13,201 : whateels.helpers.parsers.dm34 :     INFO : collection_angle : Collection angle beta value updated to 0 mrad
2025-06-30 09:39:13,201 : whateels.helpers.parsers.dm34 :     WARNING : convergence_angle : Expected a value for the convergence angle. No such value in the parsed dictionary found
2025-06-30 09:39:13,202 : whateels.helpers.parsers.dm34 :     WARNING : convergence_angle : 'Convergence semi-angle (mrad)'
2025-06-30 09:39:13,202 : whateels.helpers.parsers.dm34 :     INFO : convergence_angle : Added Route to the dictionary -> [ImageTags][EELS][Experimental Conditions]
2025-06-30 09:39:13,202 : whateels.helpers.parsers.dm34 :     INFO : convergence_angle : Convergence angle alpha value updated to 0 mrad
2025-06-30 10:01:31,140 : whateels.helpers.parsers.dm34 :     INFO : process_file_header : DM version = 4 - File size (Bytes) = 9007137 - little endian
2025-06-30 10:01:31,145 : whateels.helpers.parsers.dm34 :     WARNING : read_string : Failed reading with an encoding utf8
2025-06-30 10:01:31,145 : whateels.helpers.parsers.dm34 :     WARNING : read_string : Failed reading with an encoding utf8
2025-06-30 10:01:31,879 : whateels.helpers.parsers.dm34 :     WARNING : collection_angle : Expected a value for the convergence angle. No such value in the parsed dictionary found
2025-06-30 10:01:31,879 : whateels.helpers.parsers.dm34 :     WARNING : collection_angle : 'EELS'
2025-06-30 10:01:31,880 : whateels.helpers.parsers.dm34 :     INFO : collection_angle : Added Route to the dictionary -> [ImageTags][EELS][Experimental Conditions]
2025-06-30 10:01:31,880 : whateels.helpers.parsers.dm34 :     INFO : collection_angle : Collection angle beta value updated to 0 mrad
2025-06-30 10:01:31,880 : whateels.helpers.parsers.dm34 :     WARNING : convergence_angle : Expected a value for the convergence angle. No such value in the parsed dictionary found
2025-06-30 10:01:31,881 : whateels.helpers.parsers.dm34 :     WARNING : convergence_angle : 'Convergence semi-angle (mrad)'
2025-06-30 10:01:31,881 : whateels.helpers.parsers.dm34 :     INFO : convergence_angle : Added Route to the dictionary -> [ImageTags][EELS][Experimental Conditions]
2025-06-30 10:01:31,881 : whateels.helpers.parsers.dm34 :     INFO : convergence_angle : Convergence angle alpha value updated to 0 mrad
2025-06-30 10:15:12,179 : whateels.helpers.parsers.dm34 :     INFO : process_file_header : DM version = 4 - File size (Bytes) = 9007137 - little endian
2025-06-30 10:15:12,182 : whateels.helpers.parsers.dm34 :     WARNING : read_string : Failed reading with an encoding utf8
2025-06-30 10:15:12,183 : whateels.helpers.parsers.dm34 :     WARNING : read_string : Failed reading with an encoding utf8
2025-06-30 10:15:12,805 : whateels.helpers.parsers.dm34 :     WARNING : collection_angle : Expected a value for the convergence angle. No such value in the parsed dictionary found
2025-06-30 10:15:12,806 : whateels.helpers.parsers.dm34 :     WARNING : collection_angle : 'EELS'
2025-06-30 10:15:12,806 : whateels.helpers.parsers.dm34 :     INFO : collection_angle : Added Route to the dictionary -> [ImageTags][EELS][Experimental Conditions]
2025-06-30 10:15:12,806 : whateels.helpers.parsers.dm34 :     INFO : collection_angle : Collection angle beta value updated to 0 mrad
2025-06-30 10:15:12,806 : whateels.helpers.parsers.dm34 :     WARNING : convergence_angle : Expected a value for the convergence angle. No such value in the parsed dictionary found
2025-06-30 10:15:12,806 : whateels.helpers.parsers.dm34 :     WARNING : convergence_angle : 'Convergence semi-angle (mrad)'
2025-06-30 10:15:12,806 : whateels.helpers.parsers.dm34 :     INFO : convergence_angle : Added Route to the dictionary -> [ImageTags][EELS][Experimental Conditions]
2025-06-30 10:15:12,807 : whateels.helpers.parsers.dm34 :     INFO : convergence_angle : Convergence angle alpha value updated to 0 mrad
2025-06-30 10:23:45,384 : whateels.helpers.parsers.dm34 :     INFO : process_file_header : DM version = 4 - File size (Bytes) = 9007137 - little endian
2025-06-30 10:23:45,388 : whateels.helpers.parsers.dm34 :     WARNING : read_string : Failed reading with an encoding utf8
2025-06-30 10:23:45,389 : whateels.helpers.parsers.dm34 :     WARNING : read_string : Failed reading with an encoding utf8
2025-06-30 10:23:47,476 : whateels.helpers.parsers.dm34 :     WARNING : collection_angle : Expected a value for the convergence angle. No such value in the parsed dictionary found
2025-06-30 10:23:47,476 : whateels.helpers.parsers.dm34 :     WARNING : collection_angle : 'EELS'
2025-06-30 10:23:47,477 : whateels.helpers.parsers.dm34 :     INFO : collection_angle : Added Route to the dictionary -> [ImageTags][EELS][Experimental Conditions]
2025-06-30 10:23:47,477 : whateels.helpers.parsers.dm34 :     INFO : collection_angle : Collection angle beta value updated to 0 mrad
2025-06-30 10:23:47,478 : whateels.helpers.parsers.dm34 :     WARNING : convergence_angle : Expected a value for the convergence angle. No such value in the parsed dictionary found
2025-06-30 10:23:47,478 : whateels.helpers.parsers.dm34 :     WARNING : convergence_angle : 'Convergence semi-angle (mrad)'
2025-06-30 10:23:47,478 : whateels.helpers.parsers.dm34 :     INFO : convergence_angle : Added Route to the dictionary -> [ImageTags][EELS][Experimental Conditions]
2025-06-30 10:23:47,479 : whateels.helpers.parsers.dm34 :     INFO : convergence_angle : Convergence angle alpha value updated to 0 mrad
2025-06-30 10:24:34,136 : whateels.helpers.parsers.dm34 :     INFO : process_file_header : DM version = 4 - File size (Bytes) = 9007137 - little endian
2025-06-30 10:24:34,141 : whateels.helpers.parsers.dm34 :     WARNING : read_string : Failed reading with an encoding utf8
2025-06-30 10:24:34,141 : whateels.helpers.parsers.dm34 :     WARNING : read_string : Failed reading with an encoding utf8
2025-06-30 10:24:34,740 : whateels.helpers.parsers.dm34 :     WARNING : collection_angle : Expected a value for the convergence angle. No such value in the parsed dictionary found
2025-06-30 10:24:34,740 : whateels.helpers.parsers.dm34 :     WARNING : collection_angle : 'EELS'
2025-06-30 10:24:34,741 : whateels.helpers.parsers.dm34 :     INFO : collection_angle : Added Route to the dictionary -> [ImageTags][EELS][Experimental Conditions]
2025-06-30 10:24:34,741 : whateels.helpers.parsers.dm34 :     INFO : collection_angle : Collection angle beta value updated to 0 mrad
2025-06-30 10:24:34,741 : whateels.helpers.parsers.dm34 :     WARNING : convergence_angle : Expected a value for the convergence angle. No such value in the parsed dictionary found
2025-06-30 10:24:34,741 : whateels.helpers.parsers.dm34 :     WARNING : convergence_angle : 'Convergence semi-angle (mrad)'
2025-06-30 10:24:34,742 : whateels.helpers.parsers.dm34 :     INFO : convergence_angle : Added Route to the dictionary -> [ImageTags][EELS][Experimental Conditions]
2025-06-30 10:24:34,742 : whateels.helpers.parsers.dm34 :     INFO : convergence_angle : Convergence angle alpha value updated to 0 mrad
2025-06-30 10:31:18,894 : whateels.helpers.parsers.dm34 :     INFO : process_file_header : DM version = 4 - File size (Bytes) = 9007137 - little endian
2025-06-30 10:31:18,898 : whateels.helpers.parsers.dm34 :     WARNING : read_string : Failed reading with an encoding utf8
2025-06-30 10:31:18,899 : whateels.helpers.parsers.dm34 :     WARNING : read_string : Failed reading with an encoding utf8
2025-06-30 10:31:19,593 : whateels.helpers.parsers.dm34 :     WARNING : collection_angle : Expected a value for the convergence angle. No such value in the parsed dictionary found
2025-06-30 10:31:19,593 : whateels.helpers.parsers.dm34 :     WARNING : collection_angle : 'EELS'
2025-06-30 10:31:19,594 : whateels.helpers.parsers.dm34 :     INFO : collection_angle : Added Route to the dictionary -> [ImageTags][EELS][Experimental Conditions]
2025-06-30 10:31:19,594 : whateels.helpers.parsers.dm34 :     INFO : collection_angle : Collection angle beta value updated to 0 mrad
2025-06-30 10:31:19,594 : whateels.helpers.parsers.dm34 :     WARNING : convergence_angle : Expected a value for the convergence angle. No such value in the parsed dictionary found
2025-06-30 10:31:19,594 : whateels.helpers.parsers.dm34 :     WARNING : convergence_angle : 'Convergence semi-angle (mrad)'
2025-06-30 10:31:19,594 : whateels.helpers.parsers.dm34 :     INFO : convergence_angle : Added Route to the dictionary -> [ImageTags][EELS][Experimental Conditions]
2025-06-30 10:31:19,595 : whateels.helpers.parsers.dm34 :     INFO : convergence_angle : Convergence angle alpha value updated to 0 mrad
2025-06-30 10:47:48,960 : whateels.helpers.parsers.dm34 :     INFO : process_file_header : DM version = 4 - File size (Bytes) = 9007137 - little endian
2025-06-30 10:47:48,965 : whateels.helpers.parsers.dm34 :     WARNING : read_string : Failed reading with an encoding utf8
2025-06-30 10:47:48,965 : whateels.helpers.parsers.dm34 :     WARNING : read_string : Failed reading with an encoding utf8
2025-06-30 10:47:49,724 : whateels.helpers.parsers.dm34 :     WARNING : collection_angle : Expected a value for the convergence angle. No such value in the parsed dictionary found
2025-06-30 10:47:49,724 : whateels.helpers.parsers.dm34 :     WARNING : collection_angle : 'EELS'
2025-06-30 10:47:49,725 : whateels.helpers.parsers.dm34 :     INFO : collection_angle : Added Route to the dictionary -> [ImageTags][EELS][Experimental Conditions]
2025-06-30 10:47:49,725 : whateels.helpers.parsers.dm34 :     INFO : collection_angle : Collection angle beta value updated to 0 mrad
2025-06-30 10:47:49,725 : whateels.helpers.parsers.dm34 :     WARNING : convergence_angle : Expected a value for the convergence angle. No such value in the parsed dictionary found
2025-06-30 10:47:49,726 : whateels.helpers.parsers.dm34 :     WARNING : convergence_angle : 'Convergence semi-angle (mrad)'
2025-06-30 10:47:49,726 : whateels.helpers.parsers.dm34 :     INFO : convergence_angle : Added Route to the dictionary -> [ImageTags][EELS][Experimental Conditions]
2025-06-30 10:47:49,726 : whateels.helpers.parsers.dm34 :     INFO : convergence_angle : Convergence angle alpha value updated to 0 mrad
2025-06-30 10:49:10,402 : whateels.helpers.parsers.dm34 :     INFO : process_file_header : DM version = 4 - File size (Bytes) = 9007137 - little endian
2025-06-30 10:49:10,406 : whateels.helpers.parsers.dm34 :     WARNING : read_string : Failed reading with an encoding utf8
2025-06-30 10:49:10,407 : whateels.helpers.parsers.dm34 :     WARNING : read_string : Failed reading with an encoding utf8
2025-06-30 10:49:11,035 : whateels.helpers.parsers.dm34 :     WARNING : collection_angle : Expected a value for the convergence angle. No such value in the parsed dictionary found
2025-06-30 10:49:11,036 : whateels.helpers.parsers.dm34 :     WARNING : collection_angle : 'EELS'
2025-06-30 10:49:11,036 : whateels.helpers.parsers.dm34 :     INFO : collection_angle : Added Route to the dictionary -> [ImageTags][EELS][Experimental Conditions]
2025-06-30 10:49:11,037 : whateels.helpers.parsers.dm34 :     INFO : collection_angle : Collection angle beta value updated to 0 mrad
2025-06-30 10:49:11,037 : whateels.helpers.parsers.dm34 :     WARNING : convergence_angle : Expected a value for the convergence angle. No such value in the parsed dictionary found
2025-06-30 10:49:11,037 : whateels.helpers.parsers.dm34 :     WARNING : convergence_angle : 'Convergence semi-angle (mrad)'
2025-06-30 10:49:11,037 : whateels.helpers.parsers.dm34 :     INFO : convergence_angle : Added Route to the dictionary -> [ImageTags][EELS][Experimental Conditions]
2025-06-30 10:49:11,037 : whateels.helpers.parsers.dm34 :     INFO : convergence_angle : Convergence angle alpha value updated to 0 mrad
2025-06-30 11:23:28,022 : whateels.helpers.parsers.dm34 :     INFO : process_file_header : DM version = 4 - File size (Bytes) = 9007137 - little endian
2025-06-30 11:23:28,028 : whateels.helpers.parsers.dm34 :     WARNING : read_string : Failed reading with an encoding utf8
2025-06-30 11:23:28,028 : whateels.helpers.parsers.dm34 :     WARNING : read_string : Failed reading with an encoding utf8
2025-06-30 11:23:30,353 : whateels.helpers.parsers.dm34 :     WARNING : collection_angle : Expected a value for the convergence angle. No such value in the parsed dictionary found
2025-06-30 11:23:30,354 : whateels.helpers.parsers.dm34 :     WARNING : collection_angle : 'EELS'
2025-06-30 11:23:30,354 : whateels.helpers.parsers.dm34 :     INFO : collection_angle : Added Route to the dictionary -> [ImageTags][EELS][Experimental Conditions]
2025-06-30 11:23:30,355 : whateels.helpers.parsers.dm34 :     INFO : collection_angle : Collection angle beta value updated to 0 mrad
2025-06-30 11:23:30,355 : whateels.helpers.parsers.dm34 :     WARNING : convergence_angle : Expected a value for the convergence angle. No such value in the parsed dictionary found
2025-06-30 11:23:30,355 : whateels.helpers.parsers.dm34 :     WARNING : convergence_angle : 'Convergence semi-angle (mrad)'
2025-06-30 11:23:30,355 : whateels.helpers.parsers.dm34 :     INFO : convergence_angle : Added Route to the dictionary -> [ImageTags][EELS][Experimental Conditions]
2025-06-30 11:23:30,356 : whateels.helpers.parsers.dm34 :     INFO : convergence_angle : Convergence angle alpha value updated to 0 mrad
2025-06-30 11:34:25,186 : whateels.helpers.parsers.dm34 :     INFO : process_file_header : DM version = 4 - File size (Bytes) = 9007137 - little endian
2025-06-30 11:34:25,190 : whateels.helpers.parsers.dm34 :     WARNING : read_string : Failed reading with an encoding utf8
2025-06-30 11:34:25,190 : whateels.helpers.parsers.dm34 :     WARNING : read_string : Failed reading with an encoding utf8
2025-06-30 11:34:25,844 : whateels.helpers.parsers.dm34 :     WARNING : collection_angle : Expected a value for the convergence angle. No such value in the parsed dictionary found
2025-06-30 11:34:25,844 : whateels.helpers.parsers.dm34 :     WARNING : collection_angle : 'EELS'
2025-06-30 11:34:25,844 : whateels.helpers.parsers.dm34 :     INFO : collection_angle : Added Route to the dictionary -> [ImageTags][EELS][Experimental Conditions]
2025-06-30 11:34:25,844 : whateels.helpers.parsers.dm34 :     INFO : collection_angle : Collection angle beta value updated to 0 mrad
2025-06-30 11:34:25,845 : whateels.helpers.parsers.dm34 :     WARNING : convergence_angle : Expected a value for the convergence angle. No such value in the parsed dictionary found
2025-06-30 11:34:25,845 : whateels.helpers.parsers.dm34 :     WARNING : convergence_angle : 'Convergence semi-angle (mrad)'
2025-06-30 11:34:25,845 : whateels.helpers.parsers.dm34 :     INFO : convergence_angle : Added Route to the dictionary -> [ImageTags][EELS][Experimental Conditions]
2025-06-30 11:34:25,845 : whateels.helpers.parsers.dm34 :     INFO : convergence_angle : Convergence angle alpha value updated to 0 mrad
2025-06-30 11:47:28,844 : whateels.helpers.parsers.dm34 :     INFO : process_file_header : DM version = 4 - File size (Bytes) = 9007137 - little endian
2025-06-30 11:47:28,848 : whateels.helpers.parsers.dm34 :     WARNING : read_string : Failed reading with an encoding utf8
2025-06-30 11:47:28,848 : whateels.helpers.parsers.dm34 :     WARNING : read_string : Failed reading with an encoding utf8
2025-06-30 11:47:29,504 : whateels.helpers.parsers.dm34 :     WARNING : collection_angle : Expected a value for the convergence angle. No such value in the parsed dictionary found
2025-06-30 11:47:29,504 : whateels.helpers.parsers.dm34 :     WARNING : collection_angle : 'EELS'
2025-06-30 11:47:29,504 : whateels.helpers.parsers.dm34 :     INFO : collection_angle : Added Route to the dictionary -> [ImageTags][EELS][Experimental Conditions]
2025-06-30 11:47:29,504 : whateels.helpers.parsers.dm34 :     INFO : collection_angle : Collection angle beta value updated to 0 mrad
2025-06-30 11:47:29,505 : whateels.helpers.parsers.dm34 :     WARNING : convergence_angle : Expected a value for the convergence angle. No such value in the parsed dictionary found
2025-06-30 11:47:29,505 : whateels.helpers.parsers.dm34 :     WARNING : convergence_angle : 'Convergence semi-angle (mrad)'
2025-06-30 11:47:29,505 : whateels.helpers.parsers.dm34 :     INFO : convergence_angle : Added Route to the dictionary -> [ImageTags][EELS][Experimental Conditions]
2025-06-30 11:47:29,505 : whateels.helpers.parsers.dm34 :     INFO : convergence_angle : Convergence angle alpha value updated to 0 mrad
2025-06-30 11:50:16,469 : whateels.helpers.parsers.dm34 :     INFO : process_file_header : DM version = 4 - File size (Bytes) = 9007137 - little endian
2025-06-30 11:50:16,474 : whateels.helpers.parsers.dm34 :     WARNING : read_string : Failed reading with an encoding utf8
2025-06-30 11:50:16,474 : whateels.helpers.parsers.dm34 :     WARNING : read_string : Failed reading with an encoding utf8
2025-06-30 11:50:17,164 : whateels.helpers.parsers.dm34 :     WARNING : collection_angle : Expected a value for the convergence angle. No such value in the parsed dictionary found
2025-06-30 11:50:17,165 : whateels.helpers.parsers.dm34 :     WARNING : collection_angle : 'EELS'
2025-06-30 11:50:17,165 : whateels.helpers.parsers.dm34 :     INFO : collection_angle : Added Route to the dictionary -> [ImageTags][EELS][Experimental Conditions]
2025-06-30 11:50:17,165 : whateels.helpers.parsers.dm34 :     INFO : collection_angle : Collection angle beta value updated to 0 mrad
2025-06-30 11:50:17,166 : whateels.helpers.parsers.dm34 :     WARNING : convergence_angle : Expected a value for the convergence angle. No such value in the parsed dictionary found
2025-06-30 11:50:17,166 : whateels.helpers.parsers.dm34 :     WARNING : convergence_angle : 'Convergence semi-angle (mrad)'
2025-06-30 11:50:17,166 : whateels.helpers.parsers.dm34 :     INFO : convergence_angle : Added Route to the dictionary -> [ImageTags][EELS][Experimental Conditions]
2025-06-30 11:50:17,166 : whateels.helpers.parsers.dm34 :     INFO : convergence_angle : Convergence angle alpha value updated to 0 mrad
2025-06-30 12:07:19,812 : whateels.helpers.parsers.dm34 :     INFO : process_file_header : DM version = 4 - File size (Bytes) = 9007137 - little endian
2025-06-30 12:07:19,816 : whateels.helpers.parsers.dm34 :     WARNING : read_string : Failed reading with an encoding utf8
2025-06-30 12:07:19,817 : whateels.helpers.parsers.dm34 :     WARNING : read_string : Failed reading with an encoding utf8
2025-06-30 12:07:20,509 : whateels.helpers.parsers.dm34 :     WARNING : collection_angle : Expected a value for the convergence angle. No such value in the parsed dictionary found
2025-06-30 12:07:20,509 : whateels.helpers.parsers.dm34 :     WARNING : collection_angle : 'EELS'
2025-06-30 12:07:20,510 : whateels.helpers.parsers.dm34 :     INFO : collection_angle : Added Route to the dictionary -> [ImageTags][EELS][Experimental Conditions]
2025-06-30 12:07:20,510 : whateels.helpers.parsers.dm34 :     INFO : collection_angle : Collection angle beta value updated to 0 mrad
2025-06-30 12:07:20,510 : whateels.helpers.parsers.dm34 :     WARNING : convergence_angle : Expected a value for the convergence angle. No such value in the parsed dictionary found
2025-06-30 12:07:20,511 : whateels.helpers.parsers.dm34 :     WARNING : convergence_angle : 'Convergence semi-angle (mrad)'
2025-06-30 12:07:20,511 : whateels.helpers.parsers.dm34 :     INFO : convergence_angle : Added Route to the dictionary -> [ImageTags][EELS][Experimental Conditions]
2025-06-30 12:07:20,511 : whateels.helpers.parsers.dm34 :     INFO : convergence_angle : Convergence angle alpha value updated to 0 mrad
2025-06-30 12:50:30,859 : whateels.helpers.parsers.dm34 :     INFO : process_file_header : DM version = 4 - File size (Bytes) = 9007137 - little endian
2025-06-30 12:50:30,863 : whateels.helpers.parsers.dm34 :     WARNING : read_string : Failed reading with an encoding utf8
2025-06-30 12:50:30,863 : whateels.helpers.parsers.dm34 :     WARNING : read_string : Failed reading with an encoding utf8
2025-06-30 12:50:31,626 : whateels.helpers.parsers.dm34 :     WARNING : collection_angle : Expected a value for the convergence angle. No such value in the parsed dictionary found
2025-06-30 12:50:31,627 : whateels.helpers.parsers.dm34 :     WARNING : collection_angle : 'EELS'
2025-06-30 12:50:31,627 : whateels.helpers.parsers.dm34 :     INFO : collection_angle : Added Route to the dictionary -> [ImageTags][EELS][Experimental Conditions]
2025-06-30 12:50:31,628 : whateels.helpers.parsers.dm34 :     INFO : collection_angle : Collection angle beta value updated to 0 mrad
2025-06-30 12:50:31,628 : whateels.helpers.parsers.dm34 :     WARNING : convergence_angle : Expected a value for the convergence angle. No such value in the parsed dictionary found
2025-06-30 12:50:31,629 : whateels.helpers.parsers.dm34 :     WARNING : convergence_angle : 'Convergence semi-angle (mrad)'
2025-06-30 12:50:31,629 : whateels.helpers.parsers.dm34 :     INFO : convergence_angle : Added Route to the dictionary -> [ImageTags][EELS][Experimental Conditions]
2025-06-30 12:50:31,629 : whateels.helpers.parsers.dm34 :     INFO : convergence_angle : Convergence angle alpha value updated to 0 mrad
2025-06-30 12:51:04,784 : whateels.helpers.parsers.dm34 :     INFO : process_file_header : DM version = 4 - File size (Bytes) = 9007137 - little endian
2025-06-30 12:51:04,788 : whateels.helpers.parsers.dm34 :     WARNING : read_string : Failed reading with an encoding utf8
2025-06-30 12:51:04,788 : whateels.helpers.parsers.dm34 :     WARNING : read_string : Failed reading with an encoding utf8
2025-06-30 12:51:05,368 : whateels.helpers.parsers.dm34 :     WARNING : collection_angle : Expected a value for the convergence angle. No such value in the parsed dictionary found
2025-06-30 12:51:05,368 : whateels.helpers.parsers.dm34 :     WARNING : collection_angle : 'EELS'
2025-06-30 12:51:05,368 : whateels.helpers.parsers.dm34 :     INFO : collection_angle : Added Route to the dictionary -> [ImageTags][EELS][Experimental Conditions]
2025-06-30 12:51:05,368 : whateels.helpers.parsers.dm34 :     INFO : collection_angle : Collection angle beta value updated to 0 mrad
2025-06-30 12:51:05,369 : whateels.helpers.parsers.dm34 :     WARNING : convergence_angle : Expected a value for the convergence angle. No such value in the parsed dictionary found
2025-06-30 12:51:05,369 : whateels.helpers.parsers.dm34 :     WARNING : convergence_angle : 'Convergence semi-angle (mrad)'
2025-06-30 12:51:05,369 : whateels.helpers.parsers.dm34 :     INFO : convergence_angle : Added Route to the dictionary -> [ImageTags][EELS][Experimental Conditions]
2025-06-30 12:51:05,369 : whateels.helpers.parsers.dm34 :     INFO : convergence_angle : Convergence angle alpha value updated to 0 mrad
2025-06-30 12:52:00,650 : whateels.helpers.parsers.dm34 :     INFO : process_file_header : DM version = 4 - File size (Bytes) = 9007137 - little endian
2025-06-30 12:52:00,653 : whateels.helpers.parsers.dm34 :     WARNING : read_string : Failed reading with an encoding utf8
2025-06-30 12:52:00,653 : whateels.helpers.parsers.dm34 :     WARNING : read_string : Failed reading with an encoding utf8
2025-06-30 12:52:01,322 : whateels.helpers.parsers.dm34 :     WARNING : collection_angle : Expected a value for the convergence angle. No such value in the parsed dictionary found
2025-06-30 12:52:01,323 : whateels.helpers.parsers.dm34 :     WARNING : collection_angle : 'EELS'
2025-06-30 12:52:01,323 : whateels.helpers.parsers.dm34 :     INFO : collection_angle : Added Route to the dictionary -> [ImageTags][EELS][Experimental Conditions]
2025-06-30 12:52:01,323 : whateels.helpers.parsers.dm34 :     INFO : collection_angle : Collection angle beta value updated to 0 mrad
2025-06-30 12:52:01,324 : whateels.helpers.parsers.dm34 :     WARNING : convergence_angle : Expected a value for the convergence angle. No such value in the parsed dictionary found
2025-06-30 12:52:01,324 : whateels.helpers.parsers.dm34 :     WARNING : convergence_angle : 'Convergence semi-angle (mrad)'
2025-06-30 12:52:01,324 : whateels.helpers.parsers.dm34 :     INFO : convergence_angle : Added Route to the dictionary -> [ImageTags][EELS][Experimental Conditions]
2025-06-30 12:52:01,324 : whateels.helpers.parsers.dm34 :     INFO : convergence_angle : Convergence angle alpha value updated to 0 mrad
2025-07-01 09:30:17,008 : whateels.helpers.parsers.dm34 :     INFO : process_file_header : DM version = 4 - File size (Bytes) = 9007137 - little endian
2025-07-01 09:30:17,012 : whateels.helpers.parsers.dm34 :     WARNING : read_string : Failed reading with an encoding utf8
2025-07-01 09:30:17,013 : whateels.helpers.parsers.dm34 :     WARNING : read_string : Failed reading with an encoding utf8
2025-07-01 09:30:17,841 : whateels.helpers.parsers.dm34 :     WARNING : collection_angle : Expected a value for the convergence angle. No such value in the parsed dictionary found
2025-07-01 09:30:17,841 : whateels.helpers.parsers.dm34 :     WARNING : collection_angle : 'EELS'
2025-07-01 09:30:17,842 : whateels.helpers.parsers.dm34 :     INFO : collection_angle : Added Route to the dictionary -> [ImageTags][EELS][Experimental Conditions]
2025-07-01 09:30:17,842 : whateels.helpers.parsers.dm34 :     INFO : collection_angle : Collection angle beta value updated to 0 mrad
2025-07-01 09:30:17,842 : whateels.helpers.parsers.dm34 :     WARNING : convergence_angle : Expected a value for the convergence angle. No such value in the parsed dictionary found
2025-07-01 09:30:17,842 : whateels.helpers.parsers.dm34 :     WARNING : convergence_angle : 'Convergence semi-angle (mrad)'
2025-07-01 09:30:17,842 : whateels.helpers.parsers.dm34 :     INFO : convergence_angle : Added Route to the dictionary -> [ImageTags][EELS][Experimental Conditions]
2025-07-01 09:30:17,843 : whateels.helpers.parsers.dm34 :     INFO : convergence_angle : Convergence angle alpha value updated to 0 mrad
2025-07-01 13:15:07,331 : whateels.helpers.parsers.dm34 :     INFO : process_file_header : DM version = 4 - File size (Bytes) = 9007137 - little endian
2025-07-01 13:15:07,337 : whateels.helpers.parsers.dm34 :     WARNING : read_string : Failed reading with an encoding utf8
2025-07-01 13:15:07,337 : whateels.helpers.parsers.dm34 :     WARNING : read_string : Failed reading with an encoding utf8
2025-07-01 13:15:09,649 : whateels.helpers.parsers.dm34 :     WARNING : collection_angle : Expected a value for the convergence angle. No such value in the parsed dictionary found
2025-07-01 13:15:09,650 : whateels.helpers.parsers.dm34 :     WARNING : collection_angle : 'EELS'
2025-07-01 13:15:09,650 : whateels.helpers.parsers.dm34 :     INFO : collection_angle : Added Route to the dictionary -> [ImageTags][EELS][Experimental Conditions]
2025-07-01 13:15:09,650 : whateels.helpers.parsers.dm34 :     INFO : collection_angle : Collection angle beta value updated to 0 mrad
2025-07-01 13:15:09,651 : whateels.helpers.parsers.dm34 :     WARNING : convergence_angle : Expected a value for the convergence angle. No such value in the parsed dictionary found
2025-07-01 13:15:09,651 : whateels.helpers.parsers.dm34 :     WARNING : convergence_angle : 'Convergence semi-angle (mrad)'
2025-07-01 13:15:09,651 : whateels.helpers.parsers.dm34 :     INFO : convergence_angle : Added Route to the dictionary -> [ImageTags][EELS][Experimental Conditions]
2025-07-01 13:15:09,651 : whateels.helpers.parsers.dm34 :     INFO : convergence_angle : Convergence angle alpha value updated to 0 mrad
2025-07-02 11:56:47,647 : whateels.helpers.parsers.dm34 :     INFO : process_file_header : DM version = 4 - File size (Bytes) = 9007137 - little endian
2025-07-02 11:56:47,651 : whateels.helpers.parsers.dm34 :     WARNING : read_string : Failed reading with an encoding utf8
2025-07-02 11:56:47,652 : whateels.helpers.parsers.dm34 :     WARNING : read_string : Failed reading with an encoding utf8
2025-07-02 11:56:50,159 : whateels.helpers.parsers.dm34 :     WARNING : collection_angle : Expected a value for the convergence angle. No such value in the parsed dictionary found
2025-07-02 11:56:50,160 : whateels.helpers.parsers.dm34 :     WARNING : collection_angle : 'EELS'
2025-07-02 11:56:50,160 : whateels.helpers.parsers.dm34 :     INFO : collection_angle : Added Route to the dictionary -> [ImageTags][EELS][Experimental Conditions]
2025-07-02 11:56:50,161 : whateels.helpers.parsers.dm34 :     INFO : collection_angle : Collection angle beta value updated to 0 mrad
2025-07-02 11:56:50,161 : whateels.helpers.parsers.dm34 :     WARNING : convergence_angle : Expected a value for the convergence angle. No such value in the parsed dictionary found
2025-07-02 11:56:50,161 : whateels.helpers.parsers.dm34 :     WARNING : convergence_angle : 'Convergence semi-angle (mrad)'
2025-07-02 11:56:50,162 : whateels.helpers.parsers.dm34 :     INFO : convergence_angle : Added Route to the dictionary -> [ImageTags][EELS][Experimental Conditions]
2025-07-02 11:56:50,162 : whateels.helpers.parsers.dm34 :     INFO : convergence_angle : Convergence angle alpha value updated to 0 mrad
2025-07-03 12:05:20,224 : whateels.helpers.parsers.dm34 :     INFO : process_file_header : DM version = 4 - File size (Bytes) = 9007137 - little endian
2025-07-03 12:05:20,229 : whateels.helpers.parsers.dm34 :     WARNING : read_string : Failed reading with an encoding utf8
2025-07-03 12:05:20,230 : whateels.helpers.parsers.dm34 :     WARNING : read_string : Failed reading with an encoding utf8
2025-07-03 12:05:41,182 : whateels.helpers.parsers.dm34 :     INFO : process_file_header : DM version = 4 - File size (Bytes) = 9007137 - little endian
2025-07-03 12:05:41,185 : whateels.helpers.parsers.dm34 :     WARNING : read_string : Failed reading with an encoding utf8
2025-07-03 12:05:41,185 : whateels.helpers.parsers.dm34 :     WARNING : read_string : Failed reading with an encoding utf8
2025-07-03 12:09:42,151 : whateels.helpers.parsers.dm34 :     INFO : process_file_header : DM version = 4 - File size (Bytes) = 9007137 - little endian
2025-07-03 12:09:42,156 : whateels.helpers.parsers.dm34 :     WARNING : read_string : Failed reading with an encoding utf8
2025-07-03 12:09:42,157 : whateels.helpers.parsers.dm34 :     WARNING : read_string : Failed reading with an encoding utf8
2025-07-03 12:10:21,845 : whateels.helpers.parsers.dm34 :     INFO : process_file_header : DM version = 4 - File size (Bytes) = 9007137 - little endian
2025-07-03 12:10:21,849 : whateels.helpers.parsers.dm34 :     WARNING : read_string : Failed reading with an encoding utf8
2025-07-03 12:10:21,849 : whateels.helpers.parsers.dm34 :     WARNING : read_string : Failed reading with an encoding utf8
2025-07-03 12:34:14,024 : whateels.helpers.parsers.dm34 :     INFO : process_file_header : DM version = 4 - File size (Bytes) = 9007137 - little endian
2025-07-03 12:34:14,029 : whateels.helpers.parsers.dm34 :     WARNING : read_string : Failed reading with an encoding utf8
2025-07-03 12:34:14,029 : whateels.helpers.parsers.dm34 :     WARNING : read_string : Failed reading with an encoding utf8
2025-07-03 12:37:10,379 : whateels.helpers.parsers.dm34 :     INFO : process_file_header : DM version = 4 - File size (Bytes) = 9007137 - little endian
2025-07-03 12:37:10,383 : whateels.helpers.parsers.dm34 :     WARNING : read_string : Failed reading with an encoding utf8
2025-07-03 12:37:10,383 : whateels.helpers.parsers.dm34 :     WARNING : read_string : Failed reading with an encoding utf8
2025-07-03 12:37:13,052 : whateels.helpers.parsers.dm34 :     WARNING : collection_angle : Expected a value for the convergence angle. No such value in the parsed dictionary found
2025-07-03 12:37:13,052 : whateels.helpers.parsers.dm34 :     WARNING : collection_angle : 'EELS'
2025-07-03 12:37:13,052 : whateels.helpers.parsers.dm34 :     INFO : collection_angle : Added Route to the dictionary -> [ImageTags][EELS][Experimental Conditions]
2025-07-03 12:37:13,053 : whateels.helpers.parsers.dm34 :     INFO : collection_angle : Collection angle beta value updated to 0 mrad
2025-07-03 12:37:13,053 : whateels.helpers.parsers.dm34 :     WARNING : convergence_angle : Expected a value for the convergence angle. No such value in the parsed dictionary found
2025-07-03 12:37:13,053 : whateels.helpers.parsers.dm34 :     WARNING : convergence_angle : 'Convergence semi-angle (mrad)'
2025-07-03 12:37:13,053 : whateels.helpers.parsers.dm34 :     INFO : convergence_angle : Added Route to the dictionary -> [ImageTags][EELS][Experimental Conditions]
2025-07-03 12:37:13,053 : whateels.helpers.parsers.dm34 :     INFO : convergence_angle : Convergence angle alpha value updated to 0 mrad
2025-07-03 12:38:27,279 : whateels.helpers.parsers.dm34 :     INFO : process_file_header : DM version = 4 - File size (Bytes) = 9007137 - little endian
2025-07-03 12:38:27,283 : whateels.helpers.parsers.dm34 :     WARNING : read_string : Failed reading with an encoding utf8
2025-07-03 12:38:27,283 : whateels.helpers.parsers.dm34 :     WARNING : read_string : Failed reading with an encoding utf8
2025-07-03 12:38:28,067 : whateels.helpers.parsers.dm34 :     WARNING : collection_angle : Expected a value for the convergence angle. No such value in the parsed dictionary found
2025-07-03 12:38:28,067 : whateels.helpers.parsers.dm34 :     WARNING : collection_angle : 'EELS'
2025-07-03 12:38:28,068 : whateels.helpers.parsers.dm34 :     INFO : collection_angle : Added Route to the dictionary -> [ImageTags][EELS][Experimental Conditions]
2025-07-03 12:38:28,068 : whateels.helpers.parsers.dm34 :     INFO : collection_angle : Collection angle beta value updated to 0 mrad
2025-07-03 12:38:28,068 : whateels.helpers.parsers.dm34 :     WARNING : convergence_angle : Expected a value for the convergence angle. No such value in the parsed dictionary found
2025-07-03 12:38:28,068 : whateels.helpers.parsers.dm34 :     WARNING : convergence_angle : 'Convergence semi-angle (mrad)'
2025-07-03 12:38:28,068 : whateels.helpers.parsers.dm34 :     INFO : convergence_angle : Added Route to the dictionary -> [ImageTags][EELS][Experimental Conditions]
2025-07-03 12:38:28,068 : whateels.helpers.parsers.dm34 :     INFO : convergence_angle : Convergence angle alpha value updated to 0 mrad
2025-07-03 12:53:00,254 : whateels.helpers.parsers.dm34 :     INFO : process_file_header : DM version = 4 - File size (Bytes) = 9007137 - little endian
2025-07-03 12:53:00,258 : whateels.helpers.parsers.dm34 :     WARNING : read_string : Failed reading with an encoding utf8
2025-07-03 12:53:00,258 : whateels.helpers.parsers.dm34 :     WARNING : read_string : Failed reading with an encoding utf8
2025-07-03 12:53:00,264 : whateels.helpers.parsers.dm34 :     WARNING : collection_angle : Expected a value for the convergence angle. No such value in the parsed dictionary found
2025-07-03 12:53:00,264 : whateels.helpers.parsers.dm34 :     WARNING : collection_angle : 'EELS'
2025-07-03 12:53:00,264 : whateels.helpers.parsers.dm34 :     INFO : collection_angle : Added Route to the dictionary -> [ImageTags][EELS][Experimental Conditions]
2025-07-03 12:53:00,264 : whateels.helpers.parsers.dm34 :     INFO : collection_angle : Collection angle beta value updated to 0 mrad
2025-07-03 12:53:00,264 : whateels.helpers.parsers.dm34 :     WARNING : convergence_angle : Expected a value for the convergence angle. No such value in the parsed dictionary found
2025-07-03 12:53:00,264 : whateels.helpers.parsers.dm34 :     WARNING : convergence_angle : 'Convergence semi-angle (mrad)'
2025-07-03 12:53:00,264 : whateels.helpers.parsers.dm34 :     INFO : convergence_angle : Added Route to the dictionary -> [ImageTags][EELS][Experimental Conditions]
2025-07-03 12:53:00,264 : whateels.helpers.parsers.dm34 :     INFO : convergence_angle : Convergence angle alpha value updated to 0 mrad
2025-07-03 13:01:44,306 : whateels.helpers.parsers.dm34 :     INFO : process_file_header : DM version = 4 - File size (Bytes) = 9007137 - little endian
2025-07-03 13:01:44,310 : whateels.helpers.parsers.dm34 :     WARNING : read_string : Failed reading with an encoding utf8
2025-07-03 13:01:44,310 : whateels.helpers.parsers.dm34 :     WARNING : read_string : Failed reading with an encoding utf8
2025-07-03 13:01:45,116 : whateels.helpers.parsers.dm34 :     WARNING : collection_angle : Expected a value for the convergence angle. No such value in the parsed dictionary found
2025-07-03 13:01:45,116 : whateels.helpers.parsers.dm34 :     WARNING : collection_angle : 'EELS'
2025-07-03 13:01:45,116 : whateels.helpers.parsers.dm34 :     INFO : collection_angle : Added Route to the dictionary -> [ImageTags][EELS][Experimental Conditions]
2025-07-03 13:01:45,116 : whateels.helpers.parsers.dm34 :     INFO : collection_angle : Collection angle beta value updated to 0 mrad
2025-07-03 13:01:45,116 : whateels.helpers.parsers.dm34 :     WARNING : convergence_angle : Expected a value for the convergence angle. No such value in the parsed dictionary found
2025-07-03 13:01:45,116 : whateels.helpers.parsers.dm34 :     WARNING : convergence_angle : 'Convergence semi-angle (mrad)'
2025-07-03 13:01:45,116 : whateels.helpers.parsers.dm34 :     INFO : convergence_angle : Added Route to the dictionary -> [ImageTags][EELS][Experimental Conditions]
2025-07-03 13:01:45,116 : whateels.helpers.parsers.dm34 :     INFO : convergence_angle : Convergence angle alpha value updated to 0 mrad
2025-07-03 13:14:33,664 : whateels.helpers.parsers.dm34 :     INFO : process_file_header : DM version = 4 - File size (Bytes) = 9007137 - little endian
2025-07-03 13:14:33,667 : whateels.helpers.parsers.dm34 :     WARNING : read_string : Failed reading with an encoding utf8
2025-07-03 13:14:33,667 : whateels.helpers.parsers.dm34 :     WARNING : read_string : Failed reading with an encoding utf8
2025-07-03 13:14:34,441 : whateels.helpers.parsers.dm34 :     WARNING : collection_angle : Expected a value for the convergence angle. No such value in the parsed dictionary found
2025-07-03 13:14:34,441 : whateels.helpers.parsers.dm34 :     WARNING : collection_angle : 'EELS'
2025-07-03 13:14:34,441 : whateels.helpers.parsers.dm34 :     INFO : collection_angle : Added Route to the dictionary -> [ImageTags][EELS][Experimental Conditions]
2025-07-03 13:14:34,442 : whateels.helpers.parsers.dm34 :     INFO : collection_angle : Collection angle beta value updated to 0 mrad
2025-07-03 13:14:34,442 : whateels.helpers.parsers.dm34 :     WARNING : convergence_angle : Expected a value for the convergence angle. No such value in the parsed dictionary found
2025-07-03 13:14:34,442 : whateels.helpers.parsers.dm34 :     WARNING : convergence_angle : 'Convergence semi-angle (mrad)'
2025-07-03 13:14:34,442 : whateels.helpers.parsers.dm34 :     INFO : convergence_angle : Added Route to the dictionary -> [ImageTags][EELS][Experimental Conditions]
2025-07-03 13:14:34,442 : whateels.helpers.parsers.dm34 :     INFO : convergence_angle : Convergence angle alpha value updated to 0 mrad
